#
# A fatal error has been detected by the Java Runtime Environment:
#
#  EXCEPTION_ACCESS_VIOLATION (0xc0000005) at pc=0x00007ffe59a4fd63, pid=14776, tid=12800
#
# JRE version: OpenJDK Runtime Environment (11.0.10) (build 11.0.10+0-b96-7249189)
# Java VM: OpenJDK 64-Bit Server VM (11.0.10+0-b96-7249189, mixed mode, tiered, compressed oops, g1 gc, windows-amd64)
# Problematic frame:
# V  [jvm.dll+0x2ffd63]
#
# No core dump will be written. Minidumps are not enabled by default on client versions of Windows
#
# If you would like to submit a bug report, please visit:
#   https://bugreport.java.com/bugreport/crash.jsp
#

---------------  S U M M A R Y ------------

Command Line: --add-opens=java.base/java.util=ALL-UNNAMED --add-opens=java.base/java.lang=ALL-UNNAMED --add-opens=java.base/java.lang.invoke=ALL-UNNAMED --add-opens=java.base/java.util=ALL-UNNAMED --add-opens=java.prefs/java.util.prefs=ALL-UNNAMED --add-opens=java.prefs/java.util.prefs=ALL-UNNAMED --add-opens=java.base/java.nio.charset=ALL-UNNAMED --add-opens=java.base/java.net=ALL-UNNAMED --add-opens=java.base/java.util.concurrent.atomic=ALL-UNNAMED -Xmx2048m -Dfile.encoding=UTF-8 -Duser.country=GB -Duser.language=en -Duser.variant org.gradle.launcher.daemon.bootstrap.GradleDaemon 7.0.2

Host: Intel(R) Core(TM) i7-4720HQ CPU @ 2.60GHz, 8 cores, 11G,  Windows 10 , 64 bit Build 19041 (10.0.19041.1151)
Time: Mon Aug 30 11:21:19 2021 FLE Summer Time elapsed time: 14.021919 seconds (0d 0h 0m 14s)

---------------  T H R E A D  ---------------

Current thread (0x00000148f1df8800):  GCTaskThread "GC Thread#7" [stack: 0x0000002be1000000,0x0000002be1100000] [id=12800]

Stack: [0x0000002be1000000,0x0000002be1100000],  sp=0x0000002be10fefd0,  free space=1019k
Native frames: (J=compiled Java code, j=interpreted, Vv=VM code, C=native code)
V  [jvm.dll+0x2ffd63]
V  [jvm.dll+0x2ff854]
V  [jvm.dll+0x2d1282]
V  [jvm.dll+0x2fdb7b]
V  [jvm.dll+0x2fd8ae]
V  [jvm.dll+0x30c177]
V  [jvm.dll+0x2ace4e]
V  [jvm.dll+0x2acd71]
V  [jvm.dll+0x2da2db]
V  [jvm.dll+0x30dbb5]
V  [jvm.dll+0x30c9fd]
V  [jvm.dll+0x2dd418]
V  [jvm.dll+0x748da0]
V  [jvm.dll+0x6e3d45]
V  [jvm.dll+0x5ebe96]
C  [ucrtbase.dll+0x21bb2]
C  [KERNEL32.DLL+0x17034]
C  [ntdll.dll+0x52651]


siginfo: EXCEPTION_ACCESS_VIOLATION (0xc0000005), reading address 0xffffffffffffffff


Register to memory mapping:

RIP=0x00007ffe59a4fd63 jvm.dll
RAX=0x0000000000000148 is an unknown value
RBX=0x0000000087a966f8 is an oop: 
[error occurred during error reporting (printing register info), id 0xc0000005, EXCEPTION_ACCESS_VIOLATION (0xc0000005) at pc=0x0000000000000000]

Registers:
RAX=0x0000000000000148, RBX=0x0000000087a966f8, RCX=0x00000148efc6c830, RDX=0x0000000087a966f8
RSP=0x0000002be10fefd0, RBP=0x0000000000000015, RSI=0x00000148efc6c6c0, RDI=0x00000148efc6c6c0
R8 =0x00000001005517a0, R9 =0x00007ffe5a0e3400, R10=0x00000148d1ce0000, R11=0x0000002be10fed01
R12=0xfffffffff082dbae, R13=0x0000000000000000, R14=0x0000000000000002, R15=0x0000000087a966f8
RIP=0x00007ffe59a4fd63, EFLAGS=0x0000000000010206

Top of Stack: (sp=0x0000002be10fefd0)
0x0000002be10fefd0:   0000000087a966f8 0000000000000015
0x0000002be10fefe0:   00000148d3e78710 00000148efc6c6c0
0x0000002be10feff0:   0000000000000000 00007ffe59a4f854
0x0000002be10ff000:   00000148efc6c6c0 0000000000000002
0x0000002be10ff010:   0000000000000015 0000000000000015
0x0000002be10ff020:   00000148d3db9df0 0000000085596ff8
0x0000002be10ff030:   00000005efc6c830 000000000000000d
0x0000002be10ff040:   0000000000000001 00000148efc6c6c0
0x0000002be10ff050:   0000000000000040 00000148d3db9e70
0x0000002be10ff060:   0000000000000000 00000148efc6c6c0
0x0000002be10ff070:   0000002be10ff201 00007ffe59a21282
0x0000002be10ff080:   00000148efc6c600 00007ffe59a24101
0x0000002be10ff090:   000000000000017f 000000008560b858
0x0000002be10ff0a0:   00000148d3db9df0 00007ffe59a4db7b
0x0000002be10ff0b0:   0000000000000c69 0000000000000cb2
0x0000002be10ff0c0:   0000002be10ff201 00007ffe59a5c8d6 

Instructions: (pc=0x00007ffe59a4fd63)
0x00007ffe59a4fc63:   24 38 48 83 c4 20 5f c3 48 8b 5c 24 30 48 83 e1
0x00007ffe59a4fc73:   fc 48 8b 74 24 38 48 8b c1 48 83 c4 20 5f c3 cc
0x00007ffe59a4fc83:   cc cc cc cc cc cc cc cc cc cc cc cc cc 48 89 5c
0x00007ffe59a4fc93:   24 10 48 89 6c 24 18 57 48 83 ec 20 49 8b e8 48
0x00007ffe59a4fca3:   8b f9 45 33 c0 48 8b ca 48 8b da e8 2d ff ff ff
0x00007ffe59a4fcb3:   48 85 c0 0f 85 ae 00 00 00 48 8b 47 08 48 8b d3
0x00007ffe59a4fcc3:   48 89 74 24 30 8b 88 c0 02 00 00 48 8b 80 b0 02
0x00007ffe59a4fcd3:   00 00 48 d3 ea 48 8b 34 d0 80 be 10 01 00 00 00
0x00007ffe59a4fce3:   75 25 c6 86 10 01 00 00 01 48 8b d6 48 c7 86 30
0x00007ffe59a4fcf3:   01 00 00 00 00 00 00 48 8b 4f 08 48 81 c1 b1 04
0x00007ffe59a4fd03:   00 00 e8 d6 fc ff ff 8b 97 9c 01 00 00 4c 8b cd
0x00007ffe59a4fd13:   48 8b 4f 08 4c 8b c3 e8 e1 b6 fd ff 48 89 b7 90
0x00007ffe59a4fd23:   01 00 00 80 3d 6b 78 6f 00 00 48 8b 74 24 30 74
0x00007ffe59a4fd33:   16 44 8b 43 08 8b 0d da ed 6a 00 49 d3 e0 4c 03
0x00007ffe59a4fd43:   05 c8 ed 6a 00 eb 04 4c 8b 43 08 49 63 40 0c 4c
0x00007ffe59a4fd53:   8d 0d a7 36 69 00 48 8d 8f 70 01 00 00 48 8b d3
0x00007ffe59a4fd63:   41 ff 14 c1 48 8b c3 48 8b 5c 24 38 48 8b 6c 24
0x00007ffe59a4fd73:   40 48 83 c4 20 5f c3 cc cc cc cc cc cc 48 89 5c
0x00007ffe59a4fd83:   24 08 57 48 83 ec 30 48 8b 41 60 49 8b f9 4c 0f
0x00007ffe59a4fd93:   be d2 48 8b d9 4e 8b 9c d0 10 01 00 00 48 8b 44
0x00007ffe59a4fda3:   24 68 49 39 43 28 77 62 49 3b 43 40 73 5c 80 3d
0x00007ffe59a4fdb3:   e0 77 6f 00 00 4d 8b 4b 20 74 16 45 8b 50 08 8b
0x00007ffe59a4fdc3:   0d 50 ed 6a 00 49 d3 e2 4c 03 15 3e ed 6a 00 eb
0x00007ffe59a4fdd3:   04 4d 8b 50 08 48 8b 4b 08 80 fa 02 4c 89 4c 24
0x00007ffe59a4fde3:   28 4c 8b c7 44 8b 4c 24 60 0f 94 c0 49 8b d2 88
0x00007ffe59a4fdf3:   44 24 20 48 8b 89 d8 04 00 00 e8 be 79 01 00 48
0x00007ffe59a4fe03:   8b 5c 24 40 48 83 c4 30 5f c3 80 3d 84 77 6f 00
0x00007ffe59a4fe13:   00 74 16 45 8b 50 08 8b 0d f8 ec 6a 00 49 d3 e2
0x00007ffe59a4fe23:   4c 03 15 e6 ec 6a 00 eb 04 4d 8b 50 08 48 8b 4b
0x00007ffe59a4fe33:   08 80 fa 02 44 8b 4c 24 60 4c 8b c7 0f 94 c0 49
0x00007ffe59a4fe43:   8b d2 88 44 24 20 48 8b 89 d8 04 00 00 e8 7b 79
0x00007ffe59a4fe53:   01 00 48 8b 5c 24 40 48 83 c4 30 5f c3 48 89 5c 


Stack slot to memory mapping:
stack at sp + 0 slots: 0x0000000087a966f8 is an oop: 
[error occurred during error reporting (inspecting top of stack), id 0xc0000005, EXCEPTION_ACCESS_VIOLATION (0xc0000005) at pc=0x0000000000000000]


---------------  P R O C E S S  ---------------

Threads class SMR info:
_java_thread_list=0x00000148fb7b6850, length=52, elements={
0x00000148d3d9f000, 0x00000148ee23b000, 0x00000148ee23c800, 0x00000148eea59800,
0x00000148eea5b800, 0x00000148eea5c800, 0x00000148eeaa3800, 0x00000148eeaa6000,
0x00000148eeace800, 0x00000148eec1f000, 0x00000148f0e85000, 0x00000148eed1a800,
0x00000148ef35d800, 0x00000148f0703000, 0x00000148f25da800, 0x00000148f12a1000,
0x00000148f129d800, 0x00000148f129b000, 0x00000148f129f800, 0x00000148f12a1800,
0x00000148f12a0000, 0x00000148f129c000, 0x00000148f129e800, 0x00000148f0ddd800,
0x00000148f129d000, 0x00000148f22db800, 0x00000148f22d7800, 0x00000148f22da800,
0x00000148f22d6800, 0x00000148f22dc800, 0x00000148f22de000, 0x00000148f22dd000,
0x00000148f22d8000, 0x00000148f22da000, 0x00000148f22de800, 0x00000148f22d9000,
0x00000148f22e2000, 0x00000148f22e3000, 0x00000148f22e3800, 0x00000148f22e5800,
0x00000148f5ad0800, 0x00000148f5ad5000, 0x00000148f5ad4800, 0x00000148f5ad1000,
0x00000148f5acf800, 0x00000148f5ad3800, 0x00000148f5ad2000, 0x00000148f5ad3000,
0x00000148f5ad6000, 0x00000148f4167000, 0x00000148f4167800, 0x00000148f7cb7000
}

Java Threads: ( => current thread )
  0x00000148d3d9f000 JavaThread "main" [_thread_blocked, id=988, stack(0x0000002bdef00000,0x0000002bdf000000)]
  0x00000148ee23b000 JavaThread "Reference Handler" daemon [_thread_blocked, id=6408, stack(0x0000002bdf600000,0x0000002bdf700000)]
  0x00000148ee23c800 JavaThread "Finalizer" daemon [_thread_blocked, id=13644, stack(0x0000002bdf700000,0x0000002bdf800000)]
  0x00000148eea59800 JavaThread "Signal Dispatcher" daemon [_thread_blocked, id=9988, stack(0x0000002bdf800000,0x0000002bdf900000)]
  0x00000148eea5b800 JavaThread "Attach Listener" daemon [_thread_blocked, id=14556, stack(0x0000002bdf900000,0x0000002bdfa00000)]
  0x00000148eea5c800 JavaThread "Service Thread" daemon [_thread_blocked, id=3396, stack(0x0000002bdfa00000,0x0000002bdfb00000)]
  0x00000148eeaa3800 JavaThread "C2 CompilerThread0" daemon [_thread_in_native, id=14872, stack(0x0000002bdfb00000,0x0000002bdfc00000)]
  0x00000148eeaa6000 JavaThread "C1 CompilerThread0" daemon [_thread_blocked, id=5956, stack(0x0000002bdfc00000,0x0000002bdfd00000)]
  0x00000148eeace800 JavaThread "Sweeper thread" daemon [_thread_blocked, id=4324, stack(0x0000002bdfd00000,0x0000002bdfe00000)]
  0x00000148eec1f000 JavaThread "Common-Cleaner" daemon [_thread_blocked, id=13244, stack(0x0000002bdfe00000,0x0000002bdff00000)]
  0x00000148f0e85000 JavaThread "Daemon health stats" [_thread_blocked, id=15296, stack(0x0000002be0500000,0x0000002be0600000)]
  0x00000148eed1a800 JavaThread "Incoming local TCP Connector on port 54411" [_thread_in_native, id=13428, stack(0x0000002be0000000,0x0000002be0100000)]
  0x00000148ef35d800 JavaThread "Daemon periodic checks" [_thread_blocked, id=14180, stack(0x0000002be0100000,0x0000002be0200000)]
  0x00000148f0703000 JavaThread "Daemon" [_thread_blocked, id=708, stack(0x0000002be0600000,0x0000002be0700000)]
  0x00000148f25da800 JavaThread "Handler for socket connection from /127.0.0.1:54411 to /127.0.0.1:54412" [_thread_in_native, id=7728, stack(0x0000002be0700000,0x0000002be0800000)]
  0x00000148f12a1000 JavaThread "Cancel handler" [_thread_blocked, id=820, stack(0x0000002be0800000,0x0000002be0900000)]
  0x00000148f129d800 JavaThread "Daemon worker" [_thread_blocked, id=6104, stack(0x0000002be0900000,0x0000002be0a00000)]
  0x00000148f129b000 JavaThread "Asynchronous log dispatcher for DefaultDaemonConnection: socket connection from /127.0.0.1:54411 to /127.0.0.1:54412" [_thread_blocked, id=3124, stack(0x0000002be0b00000,0x0000002be0c00000)]
  0x00000148f129f800 JavaThread "Stdin handler" [_thread_blocked, id=13192, stack(0x0000002be0c00000,0x0000002be0d00000)]
  0x00000148f12a1800 JavaThread "Daemon client event forwarder" [_thread_blocked, id=13308, stack(0x0000002be0d00000,0x0000002be0e00000)]
  0x00000148f12a0000 JavaThread "Cache worker for file hash cache (C:\Users\x\.gradle\caches\7.0.2\fileHashes)" [_thread_blocked, id=13224, stack(0x0000002be1100000,0x0000002be1200000)]
  0x00000148f129c000 JavaThread "File lock request listener" [_thread_in_native, id=7016, stack(0x0000002be1200000,0x0000002be1300000)]
  0x00000148f129e800 JavaThread "Cache worker for journal cache (C:\Users\x\.gradle\caches\journal-1)" [_thread_blocked, id=9048, stack(0x0000002be1400000,0x0000002be1500000)]
  0x00000148f0ddd800 JavaThread "C2 CompilerThread1" daemon [_thread_blocked, id=13516, stack(0x0000002be1500000,0x0000002be1600000)]
  0x00000148f129d000 JavaThread "Cache worker for file hash cache (C:\AndroidProjects\KnowYourDreams\.gradle\7.0.2\fileHashes)" [_thread_blocked, id=2840, stack(0x0000002be1600000,0x0000002be1700000)]
  0x00000148f22db800 JavaThread "File watcher server" daemon [_thread_in_native, id=11968, stack(0x0000002be1700000,0x0000002be1800000)]
  0x00000148f22d7800 JavaThread "File watcher consumer" daemon [_thread_blocked, id=6744, stack(0x0000002be1800000,0x0000002be1900000)]
  0x00000148f22da800 JavaThread "jar transforms" [_thread_blocked, id=2584, stack(0x0000002be1900000,0x0000002be1a00000)]
  0x00000148f22d6800 JavaThread "jar transforms Thread 2" [_thread_blocked, id=2940, stack(0x0000002be1a00000,0x0000002be1b00000)]
  0x00000148f22dc800 JavaThread "jar transforms Thread 3" [_thread_blocked, id=5456, stack(0x0000002be1b00000,0x0000002be1c00000)]
  0x00000148f22de000 JavaThread "jar transforms Thread 4" [_thread_blocked, id=9440, stack(0x0000002be1c00000,0x0000002be1d00000)]
  0x00000148f22dd000 JavaThread "jar transforms Thread 5" [_thread_blocked, id=9112, stack(0x0000002be1d00000,0x0000002be1e00000)]
  0x00000148f22d8000 JavaThread "jar transforms Thread 6" [_thread_blocked, id=11864, stack(0x0000002be1e00000,0x0000002be1f00000)]
  0x00000148f22da000 JavaThread "jar transforms Thread 7" [_thread_blocked, id=9972, stack(0x0000002be1f00000,0x0000002be2000000)]
  0x00000148f22de800 JavaThread "jar transforms Thread 8" [_thread_blocked, id=3428, stack(0x0000002be2000000,0x0000002be2100000)]
  0x00000148f22d9000 JavaThread "Cache worker for checksums cache (C:\AndroidProjects\KnowYourDreams\.gradle\checksums)" [_thread_blocked, id=14396, stack(0x0000002be2100000,0x0000002be2200000)]
  0x00000148f22e2000 JavaThread "Cache worker for cache directory md-supplier (C:\Users\x\.gradle\caches\7.0.2\md-supplier)" [_thread_blocked, id=14564, stack(0x0000002be2200000,0x0000002be2300000)]
  0x00000148f22e3000 JavaThread "Cache worker for cache directory md-rule (C:\Users\x\.gradle\caches\7.0.2\md-rule)" [_thread_blocked, id=1904, stack(0x0000002be2300000,0x0000002be2400000)]
  0x00000148f22e3800 JavaThread "Cache worker for execution history cache (C:\Users\x\.gradle\caches\7.0.2\executionHistory)" [_thread_blocked, id=12812, stack(0x0000002be2400000,0x0000002be2500000)]
  0x00000148f22e5800 JavaThread "Cache worker for file content cache (C:\Users\x\.gradle\caches\7.0.2\fileContent)" [_thread_blocked, id=6416, stack(0x0000002be2600000,0x0000002be2700000)]
  0x00000148f5ad0800 JavaThread "Cache worker for dependencies-accessors (C:\AndroidProjects\KnowYourDreams\.gradle\7.0.2\dependencies-accessors)" [_thread_blocked, id=7476, stack(0x0000002be2700000,0x0000002be2800000)]
  0x00000148f5ad5000 JavaThread "Cache worker for Build Output Cleanup Cache (C:\AndroidProjects\KnowYourDreams\.gradle\buildOutputCleanup)" [_thread_blocked, id=15080, stack(0x0000002be2800000,0x0000002be2900000)]
  0x00000148f5ad4800 JavaThread "Build operations" [_thread_blocked, id=2676, stack(0x0000002be2900000,0x0000002be2a00000)]
  0x00000148f5ad1000 JavaThread "Build operations Thread 2" [_thread_blocked, id=14688, stack(0x0000002be2a00000,0x0000002be2b00000)]
  0x00000148f5acf800 JavaThread "Build operations Thread 3" [_thread_blocked, id=9756, stack(0x0000002be2b00000,0x0000002be2c00000)]
  0x00000148f5ad3800 JavaThread "Build operations Thread 4" [_thread_blocked, id=5328, stack(0x0000002be2c00000,0x0000002be2d00000)]
  0x00000148f5ad2000 JavaThread "Build operations Thread 5" [_thread_blocked, id=5652, stack(0x0000002be2d00000,0x0000002be2e00000)]
  0x00000148f5ad3000 JavaThread "Build operations Thread 6" [_thread_blocked, id=9064, stack(0x0000002be2e00000,0x0000002be2f00000)]
  0x00000148f5ad6000 JavaThread "Build operations Thread 7" [_thread_blocked, id=10448, stack(0x0000002be2f00000,0x0000002be3000000)]
  0x00000148f4167000 JavaThread "Build operations Thread 8" [_thread_blocked, id=9788, stack(0x0000002be3000000,0x0000002be3100000)]
  0x00000148f4167800 JavaThread "Memory manager" [_thread_blocked, id=12664, stack(0x0000002be2500000,0x0000002be2600000)]
  0x00000148f7cb7000 JavaThread "C2 CompilerThread2" daemon [_thread_blocked, id=6520, stack(0x0000002be3100000,0x0000002be3200000)]

Other Threads:
  0x00000148ee236800 VMThread "VM Thread" [stack: 0x0000002bdf500000,0x0000002bdf600000] [id=8100]
  0x00000148eec48000 WatcherThread [stack: 0x0000002bdff00000,0x0000002be0000000] [id=12196]
  0x00000148d3db5800 GCTaskThread "GC Thread#0" [stack: 0x0000002bdf000000,0x0000002bdf100000] [id=6808]
  0x00000148efcb2000 GCTaskThread "GC Thread#1" [stack: 0x0000002be0200000,0x0000002be0300000] [id=10152]
  0x00000148efcb2800 GCTaskThread "GC Thread#2" [stack: 0x0000002be0300000,0x0000002be0400000] [id=13332]
  0x00000148efcb3000 GCTaskThread "GC Thread#3" [stack: 0x0000002be0400000,0x0000002be0500000] [id=8220]
  0x00000148f18d8800 GCTaskThread "GC Thread#4" [stack: 0x0000002be0a00000,0x0000002be0b00000] [id=13592]
  0x00000148f154b800 GCTaskThread "GC Thread#5" [stack: 0x0000002be0e00000,0x0000002be0f00000] [id=12092]
  0x00000148f00f1800 GCTaskThread "GC Thread#6" [stack: 0x0000002be0f00000,0x0000002be1000000] [id=4868]
=>0x00000148f1df8800 GCTaskThread "GC Thread#7" [stack: 0x0000002be1000000,0x0000002be1100000] [id=12800]
  0x00000148d3dea800 ConcurrentGCThread "G1 Main Marker" [stack: 0x0000002bdf100000,0x0000002bdf200000] [id=8056]
  0x00000148d3dec000 ConcurrentGCThread "G1 Conc#0" [stack: 0x0000002bdf200000,0x0000002bdf300000] [id=13652]
  0x00000148f1530000 ConcurrentGCThread "G1 Conc#1" [stack: 0x0000002be1300000,0x0000002be1400000] [id=13752]
  0x00000148d3e7e000 ConcurrentGCThread "G1 Refine#0" [stack: 0x0000002bdf300000,0x0000002bdf400000] [id=14568]
  0x00000148ee084800 ConcurrentGCThread "G1 Young RemSet Sampling" [stack: 0x0000002bdf400000,0x0000002bdf500000] [id=7504]

Threads with active compile tasks:
C2 CompilerThread0  14045 9389       4       java.io.WinNTFileSystem::normalize (143 bytes)
C2 CompilerThread1  14045 9401       4       java.io.DataOutputStream::writeInt (65 bytes)
C2 CompilerThread2  14045 9343 %     4       org.gradle.internal.instantiation.generator.AbstractClassGenerator::inspectType @ 107 (560 bytes)

VM state:at safepoint (normal execution)

VM Mutex/Monitor currently owned by a thread:  ([mutex/lock_event])
[0x00000148d1dda260] Threads_lock - owner thread: 0x00000148ee236800
[0x00000148d1ddbb20] Heap_lock - owner thread: 0x00000148f129d800

Heap address: 0x0000000080000000, size: 2048 MB, Compressed Oops mode: 32-bit
Narrow klass base: 0x0000000000000000, Narrow klass shift: 3
Compressed class space size: 1073741824 Address: 0x0000000100000000

Heap:
 garbage-first heap   total 196608K, used 161021K [0x0000000080000000, 0x0000000100000000)
  region size 1024K, 62 young (63488K), 4 survivors (4096K)
 Metaspace       used 94573K, capacity 97090K, committed 97280K, reserved 1134592K
  class space    used 12215K, capacity 13072K, committed 13184K, reserved 1048576K
Heap Regions: E=young(eden), S=young(survivor), O=old, HS=humongous(starts), HC=humongous(continues), CS=collection set, F=free, A=archive, TAMS=top-at-mark-start (previous, next)
|   0|0x0000000080000000, 0x0000000080100000, 0x0000000080100000|100%| O|  |TAMS 0x0000000080100000, 0x0000000080000000| Untracked 
|   1|0x0000000080100000, 0x0000000080200000, 0x0000000080200000|100%| O|  |TAMS 0x0000000080200000, 0x0000000080100000| Untracked 
|   2|0x0000000080200000, 0x0000000080300000, 0x0000000080300000|100%| O|  |TAMS 0x0000000080300000, 0x0000000080200000| Untracked 
|   3|0x0000000080300000, 0x0000000080400000, 0x0000000080400000|100%|HS|  |TAMS 0x0000000080400000, 0x0000000080300000| Complete 
|   4|0x0000000080400000, 0x0000000080500000, 0x0000000080500000|100%|HC|  |TAMS 0x0000000080500000, 0x0000000080400000| Complete 
|   5|0x0000000080500000, 0x0000000080600000, 0x0000000080600000|100%|HC|  |TAMS 0x0000000080600000, 0x0000000080500000| Complete 
|   6|0x0000000080600000, 0x0000000080700000, 0x0000000080700000|100%| O|  |TAMS 0x0000000080700000, 0x0000000080600000| Untracked 
|   7|0x0000000080700000, 0x0000000080800000, 0x0000000080800000|100%| O|  |TAMS 0x0000000080800000, 0x0000000080700000| Untracked 
|   8|0x0000000080800000, 0x0000000080900000, 0x0000000080900000|100%| O|  |TAMS 0x0000000080900000, 0x0000000080800000| Untracked 
|   9|0x0000000080900000, 0x0000000080a00000, 0x0000000080a00000|100%| O|  |TAMS 0x0000000080a00000, 0x0000000080900000| Untracked 
|  10|0x0000000080a00000, 0x0000000080b00000, 0x0000000080b00000|100%| O|  |TAMS 0x0000000080b00000, 0x0000000080a00000| Untracked 
|  11|0x0000000080b00000, 0x0000000080c00000, 0x0000000080c00000|100%| O|  |TAMS 0x0000000080c00000, 0x0000000080b00000| Untracked 
|  12|0x0000000080c00000, 0x0000000080d00000, 0x0000000080d00000|100%| O|  |TAMS 0x0000000080d00000, 0x0000000080c00000| Untracked 
|  13|0x0000000080d00000, 0x0000000080e00000, 0x0000000080e00000|100%| O|  |TAMS 0x0000000080e00000, 0x0000000080d00000| Untracked 
|  14|0x0000000080e00000, 0x0000000080f00000, 0x0000000080f00000|100%| O|  |TAMS 0x0000000080f00000, 0x0000000080e00000| Untracked 
|  15|0x0000000080f00000, 0x0000000081000000, 0x0000000081000000|100%| O|  |TAMS 0x0000000081000000, 0x0000000080f00000| Untracked 
|  16|0x0000000081000000, 0x0000000081100000, 0x0000000081100000|100%| O|  |TAMS 0x0000000081100000, 0x0000000081000000| Untracked 
|  17|0x0000000081100000, 0x0000000081200000, 0x0000000081200000|100%|HS|  |TAMS 0x0000000081200000, 0x0000000081100000| Complete 
|  18|0x0000000081200000, 0x0000000081300000, 0x0000000081300000|100%|HC|  |TAMS 0x0000000081300000, 0x0000000081200000| Complete 
|  19|0x0000000081300000, 0x0000000081400000, 0x0000000081400000|100%|HS|  |TAMS 0x0000000081400000, 0x0000000081300000| Complete 
|  20|0x0000000081400000, 0x0000000081500000, 0x0000000081500000|100%|HC|  |TAMS 0x0000000081500000, 0x0000000081400000| Complete 
|  21|0x0000000081500000, 0x0000000081600000, 0x0000000081600000|100%|HC|  |TAMS 0x0000000081600000, 0x0000000081500000| Complete 
|  22|0x0000000081600000, 0x0000000081700000, 0x0000000081700000|100%|HS|  |TAMS 0x0000000081700000, 0x0000000081600000| Complete 
|  23|0x0000000081700000, 0x0000000081800000, 0x0000000081800000|100%|HC|  |TAMS 0x0000000081800000, 0x0000000081700000| Complete 
|  24|0x0000000081800000, 0x0000000081900000, 0x0000000081900000|100%|HC|  |TAMS 0x0000000081900000, 0x0000000081800000| Complete 
|  25|0x0000000081900000, 0x0000000081a00000, 0x0000000081a00000|100%|HC|  |TAMS 0x0000000081a00000, 0x0000000081900000| Complete 
|  26|0x0000000081a00000, 0x0000000081b00000, 0x0000000081b00000|100%|HC|  |TAMS 0x0000000081b00000, 0x0000000081a00000| Complete 
|  27|0x0000000081b00000, 0x0000000081c00000, 0x0000000081c00000|100%| O|  |TAMS 0x0000000081c00000, 0x0000000081b00000| Untracked 
|  28|0x0000000081c00000, 0x0000000081d00000, 0x0000000081d00000|100%| O|  |TAMS 0x0000000081d00000, 0x0000000081c00000| Untracked 
|  29|0x0000000081d00000, 0x0000000081e00000, 0x0000000081e00000|100%| O|  |TAMS 0x0000000081e00000, 0x0000000081d00000| Untracked 
|  30|0x0000000081e00000, 0x0000000081f00000, 0x0000000081f00000|100%|HS|  |TAMS 0x0000000081f00000, 0x0000000081e00000| Complete 
|  31|0x0000000081f00000, 0x0000000082000000, 0x0000000082000000|100%|HC|  |TAMS 0x0000000082000000, 0x0000000081f00000| Complete 
|  32|0x0000000082000000, 0x0000000082100000, 0x0000000082100000|100%|HC|  |TAMS 0x0000000082100000, 0x0000000082000000| Complete 
|  33|0x0000000082100000, 0x0000000082200000, 0x0000000082200000|100%|HC|  |TAMS 0x0000000082200000, 0x0000000082100000| Complete 
|  34|0x0000000082200000, 0x0000000082300000, 0x0000000082300000|100%|HC|  |TAMS 0x0000000082300000, 0x0000000082200000| Complete 
|  35|0x0000000082300000, 0x0000000082400000, 0x0000000082400000|100%| O|  |TAMS 0x0000000082400000, 0x0000000082300000| Untracked 
|  36|0x0000000082400000, 0x0000000082500000, 0x0000000082500000|100%| O|  |TAMS 0x0000000082500000, 0x0000000082400000| Untracked 
|  37|0x0000000082500000, 0x0000000082600000, 0x0000000082600000|100%| O|  |TAMS 0x0000000082600000, 0x0000000082500000| Untracked 
|  38|0x0000000082600000, 0x0000000082700000, 0x0000000082700000|100%| O|  |TAMS 0x0000000082700000, 0x0000000082600000| Untracked 
|  39|0x0000000082700000, 0x0000000082800000, 0x0000000082800000|100%| O|  |TAMS 0x0000000082800000, 0x0000000082700000| Untracked 
|  40|0x0000000082800000, 0x0000000082900000, 0x0000000082900000|100%| O|  |TAMS 0x0000000082900000, 0x0000000082800000| Untracked 
|  41|0x0000000082900000, 0x0000000082a00000, 0x0000000082a00000|100%| O|  |TAMS 0x0000000082a00000, 0x0000000082900000| Untracked 
|  42|0x0000000082a00000, 0x0000000082b00000, 0x0000000082b00000|100%| O|  |TAMS 0x0000000082b00000, 0x0000000082a00000| Untracked 
|  43|0x0000000082b00000, 0x0000000082c00000, 0x0000000082c00000|100%| O|  |TAMS 0x0000000082c00000, 0x0000000082b00000| Untracked 
|  44|0x0000000082c00000, 0x0000000082d00000, 0x0000000082d00000|100%| O|  |TAMS 0x0000000082d00000, 0x0000000082c00000| Untracked 
|  45|0x0000000082d00000, 0x0000000082e00000, 0x0000000082e00000|100%| O|  |TAMS 0x0000000082e00000, 0x0000000082d00000| Untracked 
|  46|0x0000000082e00000, 0x0000000082f00000, 0x0000000082f00000|100%|HS|  |TAMS 0x0000000082f00000, 0x0000000082e00000| Complete 
|  47|0x0000000082f00000, 0x0000000083000000, 0x0000000083000000|100%|HC|  |TAMS 0x0000000083000000, 0x0000000082f00000| Complete 
|  48|0x0000000083000000, 0x0000000083100000, 0x0000000083100000|100%|HC|  |TAMS 0x0000000083100000, 0x0000000083000000| Complete 
|  49|0x0000000083100000, 0x0000000083200000, 0x0000000083200000|100%| O|  |TAMS 0x0000000083200000, 0x0000000083100000| Untracked 
|  50|0x0000000083200000, 0x0000000083300000, 0x0000000083300000|100%| O|  |TAMS 0x0000000083300000, 0x0000000083200000| Untracked 
|  51|0x0000000083300000, 0x0000000083400000, 0x0000000083400000|100%| O|  |TAMS 0x0000000083400000, 0x0000000083300000| Untracked 
|  52|0x0000000083400000, 0x0000000083500000, 0x0000000083500000|100%|HS|  |TAMS 0x0000000083500000, 0x0000000083400000| Complete 
|  53|0x0000000083500000, 0x0000000083600000, 0x0000000083600000|100%|HS|  |TAMS 0x0000000083600000, 0x0000000083500000| Complete 
|  54|0x0000000083600000, 0x0000000083700000, 0x0000000083700000|100%|HS|  |TAMS 0x0000000083700000, 0x0000000083600000| Complete 
|  55|0x0000000083700000, 0x0000000083800000, 0x0000000083800000|100%|HS|  |TAMS 0x0000000083800000, 0x0000000083700000| Complete 
|  56|0x0000000083800000, 0x0000000083900000, 0x0000000083900000|100%|HC|  |TAMS 0x0000000083900000, 0x0000000083800000| Complete 
|  57|0x0000000083900000, 0x0000000083a00000, 0x0000000083a00000|100%|HC|  |TAMS 0x0000000083a00000, 0x0000000083900000| Complete 
|  58|0x0000000083a00000, 0x0000000083b00000, 0x0000000083b00000|100%|HS|  |TAMS 0x0000000083b00000, 0x0000000083a00000| Complete 
|  59|0x0000000083b00000, 0x0000000083c00000, 0x0000000083c00000|100%|HC|  |TAMS 0x0000000083c00000, 0x0000000083b00000| Complete 
|  60|0x0000000083c00000, 0x0000000083d00000, 0x0000000083d00000|100%| O|  |TAMS 0x0000000083d00000, 0x0000000083c00000| Untracked 
|  61|0x0000000083d00000, 0x0000000083e00000, 0x0000000083e00000|100%| O|  |TAMS 0x0000000083e00000, 0x0000000083d00000| Untracked 
|  62|0x0000000083e00000, 0x0000000083f00000, 0x0000000083f00000|100%| O|  |TAMS 0x0000000083f00000, 0x0000000083e00000| Untracked 
|  63|0x0000000083f00000, 0x0000000084000000, 0x0000000084000000|100%| O|  |TAMS 0x0000000084000000, 0x0000000083f00000| Untracked 
|  64|0x0000000084000000, 0x0000000084100000, 0x0000000084100000|100%| O|  |TAMS 0x0000000084100000, 0x0000000084000000| Untracked 
|  65|0x0000000084100000, 0x0000000084200000, 0x0000000084200000|100%| O|  |TAMS 0x0000000084200000, 0x0000000084100000| Untracked 
|  66|0x0000000084200000, 0x0000000084300000, 0x0000000084300000|100%| O|  |TAMS 0x0000000084300000, 0x0000000084200000| Untracked 
|  67|0x0000000084300000, 0x0000000084400000, 0x0000000084400000|100%| O|  |TAMS 0x0000000084400000, 0x0000000084300000| Untracked 
|  68|0x0000000084400000, 0x0000000084500000, 0x0000000084500000|100%| O|  |TAMS 0x0000000084500000, 0x0000000084400000| Untracked 
|  69|0x0000000084500000, 0x0000000084600000, 0x0000000084600000|100%| O|  |TAMS 0x0000000084600000, 0x0000000084500000| Untracked 
|  70|0x0000000084600000, 0x0000000084700000, 0x0000000084700000|100%| O|  |TAMS 0x0000000084700000, 0x0000000084600000| Untracked 
|  71|0x0000000084700000, 0x0000000084800000, 0x0000000084800000|100%| O|  |TAMS 0x0000000084800000, 0x0000000084700000| Untracked 
|  72|0x0000000084800000, 0x0000000084900000, 0x0000000084900000|100%| O|  |TAMS 0x0000000084900000, 0x0000000084800000| Untracked 
|  73|0x0000000084900000, 0x0000000084a00000, 0x0000000084a00000|100%| O|  |TAMS 0x0000000084a00000, 0x0000000084900000| Untracked 
|  74|0x0000000084a00000, 0x0000000084b00000, 0x0000000084b00000|100%| O|  |TAMS 0x0000000084b00000, 0x0000000084a00000| Untracked 
|  75|0x0000000084b00000, 0x0000000084c00000, 0x0000000084c00000|100%| O|  |TAMS 0x0000000084c00000, 0x0000000084b00000| Untracked 
|  76|0x0000000084c00000, 0x0000000084d00000, 0x0000000084d00000|100%| O|  |TAMS 0x0000000084d00000, 0x0000000084c00000| Untracked 
|  77|0x0000000084d00000, 0x0000000084e00000, 0x0000000084e00000|100%| O|  |TAMS 0x0000000084e00000, 0x0000000084d00000| Untracked 
|  78|0x0000000084e00000, 0x0000000084f00000, 0x0000000084f00000|100%| O|  |TAMS 0x0000000084f00000, 0x0000000084e00000| Untracked 
|  79|0x0000000084f00000, 0x0000000085000000, 0x0000000085000000|100%| O|  |TAMS 0x0000000085000000, 0x0000000084f00000| Untracked 
|  80|0x0000000085000000, 0x0000000085100000, 0x0000000085100000|100%| O|  |TAMS 0x0000000085100000, 0x0000000085000000| Untracked 
|  81|0x0000000085100000, 0x0000000085200000, 0x0000000085200000|100%| O|  |TAMS 0x0000000085200000, 0x0000000085100000| Untracked 
|  82|0x0000000085200000, 0x0000000085300000, 0x0000000085300000|100%| O|  |TAMS 0x0000000085300000, 0x0000000085200000| Untracked 
|  83|0x0000000085300000, 0x0000000085400000, 0x0000000085400000|100%| O|  |TAMS 0x0000000085400000, 0x0000000085300000| Untracked 
|  84|0x0000000085400000, 0x0000000085500000, 0x0000000085500000|100%| O|  |TAMS 0x0000000085500000, 0x0000000085400000| Untracked 
|  85|0x0000000085500000, 0x0000000085600000, 0x0000000085600000|100%| O|  |TAMS 0x0000000085600000, 0x0000000085500000| Untracked 
|  86|0x0000000085600000, 0x0000000085700000, 0x0000000085700000|100%| O|  |TAMS 0x0000000085700000, 0x0000000085600000| Untracked 
|  87|0x0000000085700000, 0x0000000085800000, 0x0000000085800000|100%| O|  |TAMS 0x0000000085800000, 0x0000000085700000| Untracked 
|  88|0x0000000085800000, 0x0000000085900000, 0x0000000085900000|100%| O|  |TAMS 0x0000000085900000, 0x0000000085800000| Untracked 
|  89|0x0000000085900000, 0x0000000085a00000, 0x0000000085a00000|100%| O|  |TAMS 0x00000000859eea00, 0x0000000085900000| Untracked 
|  90|0x0000000085a00000, 0x0000000085b00000, 0x0000000085b00000|100%|HS|  |TAMS 0x0000000085a00000, 0x0000000085a00000| Complete 
|  91|0x0000000085b00000, 0x0000000085c00000, 0x0000000085c00000|100%| O|  |TAMS 0x0000000085b00000, 0x0000000085b00000| Untracked 
|  92|0x0000000085c00000, 0x0000000085d00000, 0x0000000085d00000|100%| O|  |TAMS 0x0000000085c00000, 0x0000000085c00000| Untracked 
|  93|0x0000000085d00000, 0x0000000085e00000, 0x0000000085e00000|100%| O|  |TAMS 0x0000000085d00000, 0x0000000085d00000| Untracked 
|  94|0x0000000085e00000, 0x0000000085f00000, 0x0000000085f00000|100%| O|  |TAMS 0x0000000085e00000, 0x0000000085e00000| Untracked 
|  95|0x0000000085f00000, 0x0000000086000000, 0x0000000086000000|100%| O|  |TAMS 0x0000000085f00000, 0x0000000085f00000| Untracked 
|  96|0x0000000086000000, 0x0000000086100000, 0x0000000086100000|100%| O|  |TAMS 0x0000000086000000, 0x0000000086000000| Untracked 
|  97|0x0000000086100000, 0x0000000086100000, 0x0000000086200000|  0%| F|  |TAMS 0x0000000086100000, 0x0000000086100000| Untracked 
|  98|0x0000000086200000, 0x0000000086200000, 0x0000000086300000|  0%| F|  |TAMS 0x0000000086200000, 0x0000000086200000| Untracked 
|  99|0x0000000086300000, 0x0000000086300000, 0x0000000086400000|  0%| F|  |TAMS 0x0000000086300000, 0x0000000086300000| Untracked 
| 100|0x0000000086400000, 0x0000000086400000, 0x0000000086500000|  0%| F|  |TAMS 0x0000000086400000, 0x0000000086400000| Untracked 
| 101|0x0000000086500000, 0x0000000086500000, 0x0000000086600000|  0%| F|  |TAMS 0x0000000086500000, 0x0000000086500000| Untracked 
| 102|0x0000000086600000, 0x0000000086600000, 0x0000000086700000|  0%| F|  |TAMS 0x0000000086600000, 0x0000000086600000| Untracked 
| 103|0x0000000086700000, 0x0000000086700000, 0x0000000086800000|  0%| F|  |TAMS 0x0000000086700000, 0x0000000086700000| Untracked 
| 104|0x0000000086800000, 0x0000000086800000, 0x0000000086900000|  0%| F|  |TAMS 0x0000000086800000, 0x0000000086800000| Untracked 
| 105|0x0000000086900000, 0x0000000086900000, 0x0000000086a00000|  0%| F|  |TAMS 0x0000000086900000, 0x0000000086900000| Untracked 
| 106|0x0000000086a00000, 0x0000000086a00000, 0x0000000086b00000|  0%| F|  |TAMS 0x0000000086a00000, 0x0000000086a00000| Untracked 
| 107|0x0000000086b00000, 0x0000000086b00000, 0x0000000086c00000|  0%| F|  |TAMS 0x0000000086b00000, 0x0000000086b00000| Untracked 
| 108|0x0000000086c00000, 0x0000000086c00000, 0x0000000086d00000|  0%| F|  |TAMS 0x0000000086c00000, 0x0000000086c00000| Untracked 
| 109|0x0000000086d00000, 0x0000000086d00000, 0x0000000086e00000|  0%| F|  |TAMS 0x0000000086d00000, 0x0000000086d00000| Untracked 
| 110|0x0000000086e00000, 0x0000000086e00000, 0x0000000086f00000|  0%| F|  |TAMS 0x0000000086e00000, 0x0000000086e00000| Untracked 
| 111|0x0000000086f00000, 0x0000000086f00000, 0x0000000087000000|  0%| F|  |TAMS 0x0000000086f00000, 0x0000000086f00000| Untracked 
| 112|0x0000000087000000, 0x0000000087000000, 0x0000000087100000|  0%| F|  |TAMS 0x0000000087000000, 0x0000000087000000| Untracked 
| 113|0x0000000087100000, 0x0000000087100000, 0x0000000087200000|  0%| F|  |TAMS 0x0000000087100000, 0x0000000087100000| Untracked 
| 114|0x0000000087200000, 0x0000000087200000, 0x0000000087300000|  0%| F|  |TAMS 0x0000000087200000, 0x0000000087200000| Untracked 
| 115|0x0000000087300000, 0x0000000087300000, 0x0000000087400000|  0%| F|  |TAMS 0x0000000087300000, 0x0000000087300000| Untracked 
| 116|0x0000000087400000, 0x0000000087400000, 0x0000000087500000|  0%| F|  |TAMS 0x0000000087400000, 0x0000000087400000| Untracked 
| 117|0x0000000087500000, 0x0000000087500000, 0x0000000087600000|  0%| F|  |TAMS 0x0000000087500000, 0x0000000087500000| Untracked 
| 118|0x0000000087600000, 0x0000000087650ad8, 0x0000000087700000| 31%| E|CS|TAMS 0x0000000087600000, 0x0000000087600000| Complete 
| 119|0x0000000087700000, 0x0000000087800000, 0x0000000087800000|100%| E|CS|TAMS 0x0000000087700000, 0x0000000087700000| Complete 
| 120|0x0000000087800000, 0x0000000087900000, 0x0000000087900000|100%| E|CS|TAMS 0x0000000087800000, 0x0000000087800000| Complete 
| 121|0x0000000087900000, 0x0000000087a00000, 0x0000000087a00000|100%| E|CS|TAMS 0x0000000087900000, 0x0000000087900000| Complete 
| 122|0x0000000087a00000, 0x0000000087b00000, 0x0000000087b00000|100%| E|CS|TAMS 0x0000000087a00000, 0x0000000087a00000| Complete 
| 123|0x0000000087b00000, 0x0000000087c00000, 0x0000000087c00000|100%| E|CS|TAMS 0x0000000087b00000, 0x0000000087b00000| Complete 
| 124|0x0000000087c00000, 0x0000000087d00000, 0x0000000087d00000|100%| E|CS|TAMS 0x0000000087c00000, 0x0000000087c00000| Complete 
| 125|0x0000000087d00000, 0x0000000087e00000, 0x0000000087e00000|100%| E|CS|TAMS 0x0000000087d00000, 0x0000000087d00000| Complete 
| 126|0x0000000087e00000, 0x0000000087f00000, 0x0000000087f00000|100%| E|CS|TAMS 0x0000000087e00000, 0x0000000087e00000| Complete 
| 127|0x0000000087f00000, 0x0000000087f00000, 0x0000000088000000|  0%| F|  |TAMS 0x0000000087f00000, 0x0000000087f00000| Untracked 
| 128|0x0000000088000000, 0x0000000088000000, 0x0000000088100000|  0%| F|  |TAMS 0x0000000088000000, 0x0000000088000000| Untracked 
| 129|0x0000000088100000, 0x0000000088100000, 0x0000000088200000|  0%| F|  |TAMS 0x0000000088100000, 0x0000000088100000| Untracked 
| 130|0x0000000088200000, 0x000000008824e1c0, 0x0000000088300000| 30%| S|  |TAMS 0x0000000088200000, 0x0000000088200000| Complete 
| 131|0x0000000088300000, 0x0000000088400000, 0x0000000088400000|100%| S|  |TAMS 0x0000000088300000, 0x0000000088300000| Complete 
| 132|0x0000000088400000, 0x0000000088500000, 0x0000000088500000|100%| S|  |TAMS 0x0000000088400000, 0x0000000088400000| Complete 
| 133|0x0000000088500000, 0x0000000088600000, 0x0000000088600000|100%| S|  |TAMS 0x0000000088500000, 0x0000000088500000| Complete 
| 134|0x0000000088600000, 0x0000000088700000, 0x0000000088700000|100%| E|CS|TAMS 0x0000000088600000, 0x0000000088600000| Complete 
| 135|0x0000000088700000, 0x0000000088800000, 0x0000000088800000|100%| E|CS|TAMS 0x0000000088700000, 0x0000000088700000| Complete 
| 136|0x0000000088800000, 0x0000000088900000, 0x0000000088900000|100%| E|CS|TAMS 0x0000000088800000, 0x0000000088800000| Complete 
| 137|0x0000000088900000, 0x0000000088a00000, 0x0000000088a00000|100%| E|CS|TAMS 0x0000000088900000, 0x0000000088900000| Complete 
| 138|0x0000000088a00000, 0x0000000088b00000, 0x0000000088b00000|100%| E|CS|TAMS 0x0000000088a00000, 0x0000000088a00000| Complete 
| 139|0x0000000088b00000, 0x0000000088c00000, 0x0000000088c00000|100%| E|CS|TAMS 0x0000000088b00000, 0x0000000088b00000| Complete 
| 140|0x0000000088c00000, 0x0000000088d00000, 0x0000000088d00000|100%| E|CS|TAMS 0x0000000088c00000, 0x0000000088c00000| Complete 
| 141|0x0000000088d00000, 0x0000000088e00000, 0x0000000088e00000|100%| E|CS|TAMS 0x0000000088d00000, 0x0000000088d00000| Complete 
| 142|0x0000000088e00000, 0x0000000088f00000, 0x0000000088f00000|100%| E|CS|TAMS 0x0000000088e00000, 0x0000000088e00000| Complete 
| 143|0x0000000088f00000, 0x0000000089000000, 0x0000000089000000|100%| E|CS|TAMS 0x0000000088f00000, 0x0000000088f00000| Complete 
| 144|0x0000000089000000, 0x0000000089100000, 0x0000000089100000|100%| E|CS|TAMS 0x0000000089000000, 0x0000000089000000| Complete 
| 145|0x0000000089100000, 0x0000000089200000, 0x0000000089200000|100%| E|CS|TAMS 0x0000000089100000, 0x0000000089100000| Complete 
| 146|0x0000000089200000, 0x0000000089300000, 0x0000000089300000|100%| E|CS|TAMS 0x0000000089200000, 0x0000000089200000| Complete 
| 147|0x0000000089300000, 0x0000000089400000, 0x0000000089400000|100%| E|CS|TAMS 0x0000000089300000, 0x0000000089300000| Complete 
| 148|0x0000000089400000, 0x0000000089500000, 0x0000000089500000|100%| E|CS|TAMS 0x0000000089400000, 0x0000000089400000| Complete 
| 149|0x0000000089500000, 0x0000000089600000, 0x0000000089600000|100%| E|CS|TAMS 0x0000000089500000, 0x0000000089500000| Complete 
| 150|0x0000000089600000, 0x0000000089700000, 0x0000000089700000|100%| E|CS|TAMS 0x0000000089600000, 0x0000000089600000| Complete 
| 151|0x0000000089700000, 0x0000000089800000, 0x0000000089800000|100%| E|CS|TAMS 0x0000000089700000, 0x0000000089700000| Complete 
| 152|0x0000000089800000, 0x0000000089900000, 0x0000000089900000|100%| E|CS|TAMS 0x0000000089800000, 0x0000000089800000| Complete 
| 153|0x0000000089900000, 0x0000000089a00000, 0x0000000089a00000|100%| E|CS|TAMS 0x0000000089900000, 0x0000000089900000| Complete 
| 154|0x0000000089a00000, 0x0000000089b00000, 0x0000000089b00000|100%| E|CS|TAMS 0x0000000089a00000, 0x0000000089a00000| Complete 
| 155|0x0000000089b00000, 0x0000000089c00000, 0x0000000089c00000|100%| E|CS|TAMS 0x0000000089b00000, 0x0000000089b00000| Complete 
| 156|0x0000000089c00000, 0x0000000089d00000, 0x0000000089d00000|100%| E|CS|TAMS 0x0000000089c00000, 0x0000000089c00000| Complete 
| 157|0x0000000089d00000, 0x0000000089e00000, 0x0000000089e00000|100%| E|CS|TAMS 0x0000000089d00000, 0x0000000089d00000| Complete 
| 158|0x0000000089e00000, 0x0000000089f00000, 0x0000000089f00000|100%| E|CS|TAMS 0x0000000089e00000, 0x0000000089e00000| Complete 
| 159|0x0000000089f00000, 0x000000008a000000, 0x000000008a000000|100%| E|CS|TAMS 0x0000000089f00000, 0x0000000089f00000| Complete 
| 160|0x000000008a000000, 0x000000008a100000, 0x000000008a100000|100%| E|CS|TAMS 0x000000008a000000, 0x000000008a000000| Complete 
| 161|0x000000008a100000, 0x000000008a200000, 0x000000008a200000|100%| E|CS|TAMS 0x000000008a100000, 0x000000008a100000| Complete 
| 162|0x000000008a200000, 0x000000008a300000, 0x000000008a300000|100%| E|CS|TAMS 0x000000008a200000, 0x000000008a200000| Complete 
| 163|0x000000008a300000, 0x000000008a400000, 0x000000008a400000|100%| E|CS|TAMS 0x000000008a300000, 0x000000008a300000| Complete 
| 164|0x000000008a400000, 0x000000008a500000, 0x000000008a500000|100%| E|CS|TAMS 0x000000008a400000, 0x000000008a400000| Complete 
| 165|0x000000008a500000, 0x000000008a600000, 0x000000008a600000|100%| E|CS|TAMS 0x000000008a500000, 0x000000008a500000| Complete 
| 166|0x000000008a600000, 0x000000008a700000, 0x000000008a700000|100%| E|CS|TAMS 0x000000008a600000, 0x000000008a600000| Complete 
| 167|0x000000008a700000, 0x000000008a800000, 0x000000008a800000|100%| E|CS|TAMS 0x000000008a700000, 0x000000008a700000| Complete 
| 168|0x000000008a800000, 0x000000008a900000, 0x000000008a900000|100%| E|CS|TAMS 0x000000008a800000, 0x000000008a800000| Complete 
| 169|0x000000008a900000, 0x000000008aa00000, 0x000000008aa00000|100%| E|CS|TAMS 0x000000008a900000, 0x000000008a900000| Complete 
| 170|0x000000008aa00000, 0x000000008ab00000, 0x000000008ab00000|100%| E|CS|TAMS 0x000000008aa00000, 0x000000008aa00000| Complete 
| 171|0x000000008ab00000, 0x000000008ac00000, 0x000000008ac00000|100%| E|CS|TAMS 0x000000008ab00000, 0x000000008ab00000| Complete 
| 172|0x000000008ac00000, 0x000000008ad00000, 0x000000008ad00000|100%| E|CS|TAMS 0x000000008ac00000, 0x000000008ac00000| Complete 
| 173|0x000000008ad00000, 0x000000008ae00000, 0x000000008ae00000|100%| E|CS|TAMS 0x000000008ad00000, 0x000000008ad00000| Complete 
| 174|0x000000008ae00000, 0x000000008af00000, 0x000000008af00000|100%| E|CS|TAMS 0x000000008ae00000, 0x000000008ae00000| Complete 
| 175|0x000000008af00000, 0x000000008b000000, 0x000000008b000000|100%| E|CS|TAMS 0x000000008af00000, 0x000000008af00000| Complete 
| 176|0x000000008b000000, 0x000000008b100000, 0x000000008b100000|100%| E|CS|TAMS 0x000000008b000000, 0x000000008b000000| Complete 
| 177|0x000000008b100000, 0x000000008b200000, 0x000000008b200000|100%| E|CS|TAMS 0x000000008b100000, 0x000000008b100000| Complete 
| 178|0x000000008b200000, 0x000000008b300000, 0x000000008b300000|100%| E|CS|TAMS 0x000000008b200000, 0x000000008b200000| Complete 
| 179|0x000000008b300000, 0x000000008b400000, 0x000000008b400000|100%| E|CS|TAMS 0x000000008b300000, 0x000000008b300000| Complete 
| 180|0x000000008b400000, 0x000000008b500000, 0x000000008b500000|100%| E|CS|TAMS 0x000000008b400000, 0x000000008b400000| Complete 
| 181|0x000000008b500000, 0x000000008b600000, 0x000000008b600000|100%| E|CS|TAMS 0x000000008b500000, 0x000000008b500000| Complete 
| 182|0x000000008b600000, 0x000000008b700000, 0x000000008b700000|100%| E|CS|TAMS 0x000000008b600000, 0x000000008b600000| Complete 
| 183|0x000000008b700000, 0x000000008b800000, 0x000000008b800000|100%| E|CS|TAMS 0x000000008b700000, 0x000000008b700000| Complete 
| 184|0x000000008b800000, 0x000000008b900000, 0x000000008b900000|100%| E|CS|TAMS 0x000000008b800000, 0x000000008b800000| Complete 
| 185|0x000000008b900000, 0x000000008ba00000, 0x000000008ba00000|100%| E|CS|TAMS 0x000000008b900000, 0x000000008b900000| Complete 
| 186|0x000000008ba00000, 0x000000008bb00000, 0x000000008bb00000|100%| E|CS|TAMS 0x000000008ba00000, 0x000000008ba00000| Complete 
| 187|0x000000008bb00000, 0x000000008bc00000, 0x000000008bc00000|100%| E|CS|TAMS 0x000000008bb00000, 0x000000008bb00000| Complete 
| 188|0x000000008bc00000, 0x000000008bd00000, 0x000000008bd00000|100%| E|CS|TAMS 0x000000008bc00000, 0x000000008bc00000| Complete 
| 189|0x000000008bd00000, 0x000000008be00000, 0x000000008be00000|100%| E|CS|TAMS 0x000000008bd00000, 0x000000008bd00000| Complete 
| 190|0x000000008be00000, 0x000000008bf00000, 0x000000008bf00000|100%| E|CS|TAMS 0x000000008be00000, 0x000000008be00000| Complete 
| 191|0x000000008bf00000, 0x000000008c000000, 0x000000008c000000|100%| E|CS|TAMS 0x000000008bf00000, 0x000000008bf00000| Complete 

Card table byte_map: [0x00000148e6fc0000,0x00000148e73c0000] _byte_map_base: 0x00000148e6bc0000

Marking Bits (Prev, Next): (CMBitMap*) 0x00000148d3de1e88, (CMBitMap*) 0x00000148d3de1ec0
 Prev Bits: [0x00000148e77c0000, 0x00000148e97c0000)
 Next Bits: [0x00000148e97c0000, 0x00000148eb7c0000)

Polling page: 0x00000148d1ca0000

Metaspace:

Usage:
  Non-class:     82.05 MB capacity,    80.43 MB ( 98%) used,     1.38 MB (  2%) free+waste,   244.88 KB ( <1%) overhead. 
      Class:     12.77 MB capacity,    11.93 MB ( 93%) used,   743.27 KB (  6%) free+waste,   113.25 KB ( <1%) overhead. 
       Both:     94.81 MB capacity,    92.36 MB ( 97%) used,     2.11 MB (  2%) free+waste,   358.13 KB ( <1%) overhead. 

Virtual space:
  Non-class space:       84.00 MB reserved,      82.13 MB ( 98%) committed 
      Class space:        1.00 GB reserved,      12.88 MB (  1%) committed 
             Both:        1.08 GB reserved,      95.00 MB (  9%) committed 

Chunk freelists:
   Non-Class:  14.00 KB
       Class:  16.00 KB
        Both:  30.00 KB

MaxMetaspaceSize: 17179869184.00 GB
CompressedClassSpaceSize: 1.00 GB

CodeHeap 'non-profiled nmethods': size=120000Kb used=6477Kb max_used=6477Kb free=113522Kb
 bounds [0x00000148df360000, 0x00000148df9c0000, 0x00000148e6890000]
CodeHeap 'profiled nmethods': size=120000Kb used=20412Kb max_used=20412Kb free=99587Kb
 bounds [0x00000148d7e30000, 0x00000148d9220000, 0x00000148df360000]
CodeHeap 'non-nmethods': size=5760Kb used=2295Kb max_used=2372Kb free=3464Kb
 bounds [0x00000148d7890000, 0x00000148d7b00000, 0x00000148d7e30000]
 total_blobs=10331 nmethods=9427 adapters=815
 compilation: enabled
              stopped_count=0, restarted_count=0
 full_count=0

Compilation events (20 events):
Event: 13.994 Thread 0x00000148eeaa6000 9474       3       org.gradle.internal.instantiation.generator.AbstractClassGenerator$ExtensibleTypePropertyHandler::startType (91 bytes)
Event: 13.995 Thread 0x00000148eeaa6000 nmethod 9474 0x00000148d921a610 code [0x00000148d921a860, 0x00000148d921b078]
Event: 13.995 Thread 0x00000148eeaa6000 9476       3       org.gradle.internal.instantiation.generator.AbstractClassGenerator$ExtensibleTypePropertyHandler::applyTo (95 bytes)
Event: 13.996 Thread 0x00000148f0ddd800 nmethod 9373 0x00000148df9b1f10 code [0x00000148df9b20c0, 0x00000148df9b21f8]
Event: 13.996 Thread 0x00000148f0ddd800 9452       4       org.objectweb.asm.MethodWriter::computeMethodInfoSize (571 bytes)
Event: 13.996 Thread 0x00000148eeaa6000 nmethod 9476 0x00000148d921b310 code [0x00000148d921b580, 0x00000148d921bf68]
Event: 13.996 Thread 0x00000148eeaa6000 9477       3       org.gradle.internal.instantiation.generator.AbstractClassGenerator$DslMixInPropertyType::addMissingClosureOverloads (63 bytes)
Event: 13.997 Thread 0x00000148eeaa6000 nmethod 9477 0x00000148d921c310 code [0x00000148d921c5e0, 0x00000148d921d538]
Event: 13.997 Thread 0x00000148eeaa6000 9475       3       org.gradle.internal.instantiation.generator.AbstractClassGenerator$DslMixInPropertyType::startType (37 bytes)
Event: 13.997 Thread 0x00000148eeaa6000 nmethod 9475 0x00000148d921da90 code [0x00000148d921dc60, 0x00000148d921deb8]
Event: 14.000 Thread 0x00000148eeaa6000 9478       3       org.gradle.api.internal.provider.AbstractProperty::<init> (17 bytes)
Event: 14.001 Thread 0x00000148eeaa6000 nmethod 9478 0x00000148d921df90 code [0x00000148d921e180, 0x00000148d921e5b8]
Event: 14.001 Thread 0x00000148eeaa6000 9479       3       org.gradle.api.internal.provider.AbstractProperty$NonFinalizedValue::<init> (11 bytes)
Event: 14.001 Thread 0x00000148eeaa6000 nmethod 9479 0x00000148d921e790 code [0x00000148d921e960, 0x00000148d921ebd8]
Event: 14.001 Thread 0x00000148eeaa6000 9480       3       org.gradle.api.internal.provider.AbstractProperty::init (14 bytes)
Event: 14.001 Thread 0x00000148eeaa6000 nmethod 9480 0x00000148d921ed10 code [0x00000148d921eee0, 0x00000148d921f108]
Event: 14.002 Thread 0x00000148f0ddd800 nmethod 9452 0x00000148df9b2390 code [0x00000148df9b25e0, 0x00000148df9b2d80]
Event: 14.002 Thread 0x00000148f0ddd800 9434       4       sun.reflect.generics.visitor.Reifier::getResult (26 bytes)
Event: 14.002 Thread 0x00000148f0ddd800 nmethod 9434 0x00000148df9b3410 code [0x00000148df9b35a0, 0x00000148df9b3618]
Event: 14.002 Thread 0x00000148f0ddd800 9401       4       java.io.DataOutputStream::writeInt (65 bytes)

GC Heap History (20 events):
Event: 5.638 GC heap after
{Heap after GC invocations=9 (full 0):
 garbage-first heap   total 196608K, used 47109K [0x0000000080000000, 0x0000000100000000)
  region size 1024K, 10 young (10240K), 10 survivors (10240K)
 Metaspace       used 43688K, capacity 44860K, committed 45132K, reserved 1087488K
  class space    used 5708K, capacity 6153K, committed 6272K, reserved 1048576K
}
Event: 6.688 GC heap before
{Heap before GC invocations=9 (full 0):
 garbage-first heap   total 196608K, used 135173K [0x0000000080000000, 0x0000000100000000)
  region size 1024K, 96 young (98304K), 10 survivors (10240K)
 Metaspace       used 45428K, capacity 46633K, committed 46796K, reserved 1089536K
  class space    used 5927K, capacity 6381K, committed 6400K, reserved 1048576K
}
Event: 6.698 GC heap after
{Heap after GC invocations=10 (full 0):
 garbage-first heap   total 196608K, used 50131K [0x0000000080000000, 0x0000000100000000)
  region size 1024K, 4 young (4096K), 4 survivors (4096K)
 Metaspace       used 45428K, capacity 46633K, committed 46796K, reserved 1089536K
  class space    used 5927K, capacity 6381K, committed 6400K, reserved 1048576K
}
Event: 7.969 GC heap before
{Heap before GC invocations=10 (full 0):
 garbage-first heap   total 196608K, used 143315K [0x0000000080000000, 0x0000000100000000)
  region size 1024K, 92 young (94208K), 4 survivors (4096K)
 Metaspace       used 50952K, capacity 52437K, committed 52556K, reserved 1095680K
  class space    used 6482K, capacity 7001K, committed 7040K, reserved 1048576K
}
Event: 7.977 GC heap after
{Heap after GC invocations=11 (full 0):
 garbage-first heap   total 196608K, used 58222K [0x0000000080000000, 0x0000000100000000)
  region size 1024K, 9 young (9216K), 9 survivors (9216K)
 Metaspace       used 50952K, capacity 52437K, committed 52556K, reserved 1095680K
  class space    used 6482K, capacity 7001K, committed 7040K, reserved 1048576K
}
Event: 9.021 GC heap before
{Heap before GC invocations=11 (full 0):
 garbage-first heap   total 196608K, used 147310K [0x0000000080000000, 0x0000000100000000)
  region size 1024K, 96 young (98304K), 9 survivors (9216K)
 Metaspace       used 55077K, capacity 56851K, committed 57036K, reserved 1099776K
  class space    used 7075K, capacity 7653K, committed 7680K, reserved 1048576K
}
Event: 9.029 GC heap after
{Heap after GC invocations=12 (full 0):
 garbage-first heap   total 196608K, used 62818K [0x0000000080000000, 0x0000000100000000)
  region size 1024K, 10 young (10240K), 10 survivors (10240K)
 Metaspace       used 55077K, capacity 56851K, committed 57036K, reserved 1099776K
  class space    used 7075K, capacity 7653K, committed 7680K, reserved 1048576K
}
Event: 9.678 GC heap before
{Heap before GC invocations=12 (full 0):
 garbage-first heap   total 196608K, used 116066K [0x0000000080000000, 0x0000000100000000)
  region size 1024K, 55 young (56320K), 10 survivors (10240K)
 Metaspace       used 58310K, capacity 60112K, committed 60288K, reserved 1101824K
  class space    used 7497K, capacity 8116K, committed 8192K, reserved 1048576K
}
Event: 9.691 GC heap after
{Heap after GC invocations=13 (full 0):
 garbage-first heap   total 196608K, used 79016K [0x0000000080000000, 0x0000000100000000)
  region size 1024K, 13 young (13312K), 13 survivors (13312K)
 Metaspace       used 58310K, capacity 60112K, committed 60288K, reserved 1101824K
  class space    used 7497K, capacity 8116K, committed 8192K, reserved 1048576K
}
Event: 10.472 GC heap before
{Heap before GC invocations=14 (full 0):
 garbage-first heap   total 196608K, used 143528K [0x0000000080000000, 0x0000000100000000)
  region size 1024K, 77 young (78848K), 13 survivors (13312K)
 Metaspace       used 67171K, capacity 69219K, committed 69376K, reserved 1110016K
  class space    used 8591K, capacity 9315K, committed 9344K, reserved 1048576K
}
Event: 10.484 GC heap after
{Heap after GC invocations=15 (full 0):
 garbage-first heap   total 196608K, used 84179K [0x0000000080000000, 0x0000000100000000)
  region size 1024K, 6 young (6144K), 6 survivors (6144K)
 Metaspace       used 67171K, capacity 69219K, committed 69376K, reserved 1110016K
  class space    used 8591K, capacity 9315K, committed 9344K, reserved 1048576K
}
Event: 11.150 GC heap before
{Heap before GC invocations=15 (full 0):
 garbage-first heap   total 196608K, used 148691K [0x0000000080000000, 0x0000000100000000)
  region size 1024K, 69 young (70656K), 6 survivors (6144K)
 Metaspace       used 73025K, capacity 75126K, committed 75264K, reserved 1114112K
  class space    used 9331K, capacity 10033K, committed 10112K, reserved 1048576K
}
Event: 11.159 GC heap after
{Heap after GC invocations=16 (full 0):
 garbage-first heap   total 196608K, used 87124K [0x0000000080000000, 0x0000000100000000)
  region size 1024K, 9 young (9216K), 9 survivors (9216K)
 Metaspace       used 73025K, capacity 75126K, committed 75264K, reserved 1114112K
  class space    used 9331K, capacity 10033K, committed 10112K, reserved 1048576K
}
Event: 11.854 GC heap before
{Heap before GC invocations=16 (full 0):
 garbage-first heap   total 196608K, used 152660K [0x0000000080000000, 0x0000000100000000)
  region size 1024K, 73 young (74752K), 9 survivors (9216K)
 Metaspace       used 78255K, capacity 80423K, committed 80768K, reserved 1120256K
  class space    used 10143K, capacity 10899K, committed 11008K, reserved 1048576K
}
Event: 11.864 GC heap after
{Heap after GC invocations=17 (full 0):
 garbage-first heap   total 196608K, used 92500K [0x0000000080000000, 0x0000000100000000)
  region size 1024K, 10 young (10240K), 10 survivors (10240K)
 Metaspace       used 78255K, capacity 80423K, committed 80768K, reserved 1120256K
  class space    used 10143K, capacity 10899K, committed 11008K, reserved 1048576K
}
Event: 12.562 GC heap before
{Heap before GC invocations=17 (full 0):
 garbage-first heap   total 196608K, used 154964K [0x0000000080000000, 0x0000000100000000)
  region size 1024K, 71 young (72704K), 10 survivors (10240K)
 Metaspace       used 82705K, capacity 85034K, committed 85248K, reserved 1122304K
  class space    used 10744K, capacity 11553K, committed 11648K, reserved 1048576K
}
Event: 12.572 GC heap after
{Heap after GC invocations=18 (full 0):
 garbage-first heap   total 196608K, used 95990K [0x0000000080000000, 0x0000000100000000)
  region size 1024K, 4 young (4096K), 4 survivors (4096K)
 Metaspace       used 82705K, capacity 85034K, committed 85248K, reserved 1122304K
  class space    used 10744K, capacity 11553K, committed 11648K, reserved 1048576K
}
Event: 13.160 GC heap before
{Heap before GC invocations=18 (full 0):
 garbage-first heap   total 196608K, used 158454K [0x0000000080000000, 0x0000000100000000)
  region size 1024K, 65 young (66560K), 4 survivors (4096K)
 Metaspace       used 87006K, capacity 89565K, committed 89600K, reserved 1126400K
  class space    used 11321K, capacity 12160K, committed 12160K, reserved 1048576K
}
Event: 13.167 GC heap after
{Heap after GC invocations=19 (full 0):
 garbage-first heap   total 196608K, used 100605K [0x0000000080000000, 0x0000000100000000)
  region size 1024K, 9 young (9216K), 9 survivors (9216K)
 Metaspace       used 87006K, capacity 89565K, committed 89600K, reserved 1126400K
  class space    used 11321K, capacity 12160K, committed 12160K, reserved 1048576K
}
Event: 14.002 GC heap before
{Heap before GC invocations=20 (full 0):
 garbage-first heap   total 196608K, used 159997K [0x0000000080000000, 0x0000000100000000)
  region size 1024K, 67 young (68608K), 9 survivors (9216K)
 Metaspace       used 94573K, capacity 97090K, committed 97280K, reserved 1134592K
  class space    used 12215K, capacity 13072K, committed 13184K, reserved 1048576K
}

Deoptimization events (20 events):
Event: 13.659 Thread 0x00000148f129d800 DEOPT PACKING pc=0x00000148df7bd724 sp=0x0000002be09f9030
Event: 13.659 Thread 0x00000148f129d800 DEOPT UNPACKING pc=0x00000148d78b78af sp=0x0000002be09f8e50 mode 2
Event: 13.677 Thread 0x00000148f129d800 Uncommon trap: trap_request=0xffffff4d fr.pc=0x00000148df8063c8 relative=0x0000000000000088
Event: 13.677 Thread 0x00000148f129d800 Uncommon trap: reason=unstable_if action=reinterpret pc=0x00000148df8063c8 method=com.google.gson.stream.JsonReader.peek()Lcom/google/gson/stream/JsonToken; @ 15 c2
Event: 13.677 Thread 0x00000148f129d800 DEOPT PACKING pc=0x00000148df8063c8 sp=0x0000002be09f9460
Event: 13.677 Thread 0x00000148f129d800 DEOPT UNPACKING pc=0x00000148d78b78af sp=0x0000002be09f93e8 mode 2
Event: 13.717 Thread 0x00000148f129d800 Uncommon trap: trap_request=0xfffffff4 fr.pc=0x00000148df95f070 relative=0x000000000000a2b0
Event: 13.717 Thread 0x00000148f129d800 Uncommon trap: reason=null_check action=make_not_entrant pc=0x00000148df95f070 method=org.gradle.internal.instantiation.generator.AbstractClassGenerator$PropertyMetadata.addGetter(Lorg/gradle/internal/instantiation/generator/AbstractClassGenerator$MethodM
Event: 13.717 Thread 0x00000148f129d800 DEOPT PACKING pc=0x00000148df95f070 sp=0x0000002be09f8340
Event: 13.717 Thread 0x00000148f129d800 DEOPT UNPACKING pc=0x00000148d78b78af sp=0x0000002be09f82a8 mode 2
Event: 13.747 Thread 0x00000148f129d800 DEOPT PACKING pc=0x00000148d8bca7b2 sp=0x0000002be09f8110
Event: 13.747 Thread 0x00000148f129d800 DEOPT UNPACKING pc=0x00000148d78b76ce sp=0x0000002be09f7670 mode 0
Event: 13.940 Thread 0x00000148f129d800 DEOPT PACKING pc=0x00000148d87e1a54 sp=0x0000002be09f4ad0
Event: 13.940 Thread 0x00000148f129d800 DEOPT UNPACKING pc=0x00000148d78b76ce sp=0x0000002be09f3f08 mode 0
Event: 13.940 Thread 0x00000148f129d800 DEOPT PACKING pc=0x00000148d87e1acc sp=0x0000002be09f4b40
Event: 13.940 Thread 0x00000148f129d800 DEOPT UNPACKING pc=0x00000148d78b76ce sp=0x0000002be09f3fe0 mode 0
Event: 13.940 Thread 0x00000148f129d800 DEOPT PACKING pc=0x00000148d88b084c sp=0x0000002be09f4bb0
Event: 13.940 Thread 0x00000148f129d800 DEOPT UNPACKING pc=0x00000148d78b76ce sp=0x0000002be09f3fb0 mode 0
Event: 13.959 Thread 0x00000148f129d800 DEOPT PACKING pc=0x00000148d8cdeba7 sp=0x0000002be09f3dc0
Event: 13.959 Thread 0x00000148f129d800 DEOPT UNPACKING pc=0x00000148d78b76ce sp=0x0000002be09f3270 mode 0

Classes redefined (0 events):
No events

Internal exceptions (20 events):
Event: 12.971 Thread 0x00000148f129d800 Exception <a 'java/lang/ClassNotFoundException'{0x0000000088f1b7d8}: org/gradle/api/internal/tasks/DefaultTaskContainerCustomizer> (0x0000000088f1b7d8) thrown at [./src/hotspot/share/classfile/systemDictionary.cpp, line 231]
Event: 12.973 Thread 0x00000148f129d800 Exception <a 'java/lang/ClassNotFoundException'{0x0000000088f7d718}: org/gradle/api/internal/tasks/DefaultTaskContainer_DecoratedCustomizer> (0x0000000088f7d718) thrown at [./src/hotspot/share/classfile/systemDictionary.cpp, line 231]
Event: 12.989 Thread 0x00000148f129d800 Exception <a 'java/lang/ClassNotFoundException'{0x0000000088e888d0}: org/gradle/api/tasks/SourceSetBeanInfo> (0x0000000088e888d0) thrown at [./src/hotspot/share/classfile/systemDictionary.cpp, line 231]
Event: 12.989 Thread 0x00000148f129d800 Exception <a 'java/lang/ClassNotFoundException'{0x0000000088ea5870}: org/gradle/api/tasks/SourceSetCustomizer> (0x0000000088ea5870) thrown at [./src/hotspot/share/classfile/systemDictionary.cpp, line 231]
Event: 12.993 Thread 0x00000148f129d800 Exception <a 'java/lang/ClassNotFoundException'{0x0000000088d24088}: java/util/LinkedHashMapBeanInfo> (0x0000000088d24088) thrown at [./src/hotspot/share/classfile/systemDictionary.cpp, line 231]
Event: 12.993 Thread 0x00000148f129d800 Exception <a 'java/lang/ClassNotFoundException'{0x0000000088d2d318}: java/util/HashMapBeanInfo> (0x0000000088d2d318) thrown at [./src/hotspot/share/classfile/systemDictionary.cpp, line 231]
Event: 12.993 Thread 0x00000148f129d800 Exception <a 'java/lang/ClassNotFoundException'{0x0000000088d36dd0}: java/util/AbstractMapBeanInfo> (0x0000000088d36dd0) thrown at [./src/hotspot/share/classfile/systemDictionary.cpp, line 231]
Event: 12.993 Thread 0x00000148f129d800 Exception <a 'java/lang/ClassNotFoundException'{0x0000000088d40940}: java/util/AbstractMapCustomizer> (0x0000000088d40940) thrown at [./src/hotspot/share/classfile/systemDictionary.cpp, line 231]
Event: 12.994 Thread 0x00000148f129d800 Exception <a 'java/lang/ClassNotFoundException'{0x0000000088d53fe0}: java/util/HashMapCustomizer> (0x0000000088d53fe0) thrown at [./src/hotspot/share/classfile/systemDictionary.cpp, line 231]
Event: 12.994 Thread 0x00000148f129d800 Exception <a 'java/lang/ClassNotFoundException'{0x0000000088d74498}: java/util/LinkedHashMapCustomizer> (0x0000000088d74498) thrown at [./src/hotspot/share/classfile/systemDictionary.cpp, line 231]
Event: 13.309 Thread 0x00000148f129d800 Exception <a 'sun/nio/fs/WindowsException'{0x000000008b937a98}> (0x000000008b937a98) thrown at [./src/hotspot/share/prims/jni.cpp, line 615]
Event: 13.310 Thread 0x00000148f129d800 Exception <a 'sun/nio/fs/WindowsException'{0x000000008b938048}> (0x000000008b938048) thrown at [./src/hotspot/share/prims/jni.cpp, line 615]
Event: 13.407 Thread 0x00000148f129d800 Exception <a 'java/lang/NullPointerException'{0x000000008b042098}> (0x000000008b042098) thrown at [./src/hotspot/share/interpreter/linkResolver.cpp, line 1440]
Event: 13.617 Thread 0x00000148f129d800 Exception <a 'java/lang/NoSuchMethodError'{0x000000008a153cf8}: 'int java.lang.invoke.DirectMethodHandle$Holder.invokeStatic(java.lang.Object, java.lang.Object, int, java.lang.Object)'> (0x000000008a153cf8) thrown at [./src/hotspot/share/interpreter/linkResolver.cpp, line 773]
Event: 13.663 Thread 0x00000148f129d800 Exception <a 'sun/nio/fs/WindowsException'{0x000000008a085518}> (0x000000008a085518) thrown at [./src/hotspot/share/prims/jni.cpp, line 615]
Event: 13.663 Thread 0x00000148f129d800 Exception <a 'sun/nio/fs/WindowsException'{0x000000008a086870}> (0x000000008a086870) thrown at [./src/hotspot/share/prims/jni.cpp, line 615]
Event: 13.663 Thread 0x00000148f129d800 Exception <a 'sun/nio/fs/WindowsException'{0x000000008a087c18}> (0x000000008a087c18) thrown at [./src/hotspot/share/prims/jni.cpp, line 615]
Event: 13.663 Thread 0x00000148f129d800 Exception <a 'sun/nio/fs/WindowsException'{0x000000008a088fc0}> (0x000000008a088fc0) thrown at [./src/hotspot/share/prims/jni.cpp, line 615]
Event: 13.717 Thread 0x00000148f129d800 Implicit null exception at 0x00000148df957eb7 to 0x00000148df95f004
Event: 13.874 Thread 0x00000148f129d800 Exception <a 'java/lang/reflect/InvocationTargetException'{0x0000000089177078}> (0x0000000089177078) thrown at [./src/hotspot/share/runtime/reflection.cpp, line 1247]

Events (20 events):
Event: 13.993 loading class com/android/tools/lint/model/LintModelModule done
Event: 13.993 loading class com/android/build/gradle/internal/lint/LintOptionsInput
Event: 13.993 loading class com/android/build/gradle/internal/lint/LintOptionsInput done
Event: 13.994 loading class com/android/tools/lint/model/LintModelModuleType
Event: 13.994 loading class com/android/tools/lint/model/LintModelModuleType done
Event: 13.997 loading class com/android/build/gradle/internal/lint/ProjectInputs$initializeFromProject$1
Event: 13.997 loading class com/android/build/gradle/internal/lint/ProjectInputs$initializeFromProject$1 done
Event: 13.997 loading class com/android/build/gradle/internal/lint/AndroidLintInputsKt
Event: 13.997 loading class com/android/build/gradle/internal/lint/AndroidLintInputsKt done
Event: 13.998 loading class com/android/tools/lint/model/LintModelSeverity
Event: 13.998 loading class com/android/tools/lint/model/LintModelSeverity done
Event: 13.998 loading class com/android/tools/lint/model/LintModelLintOptions
Event: 13.998 loading class com/android/tools/lint/model/LintModelLintOptions done
Event: 14.001 loading class com/android/tools/lint/model/LintModelVariant
Event: 14.001 loading class com/android/tools/lint/model/LintModelVariant done
Event: 14.002 loading class com/android/build/gradle/internal/lint/BuildFeaturesInput
Event: 14.002 loading class com/android/build/gradle/internal/lint/BuildFeaturesInput done
Event: 14.002 loading class com/android/build/gradle/internal/lint/AndroidArtifactInput
Event: 14.002 loading class com/android/build/gradle/internal/lint/AndroidArtifactInput done
Event: 14.002 Executing VM operation: G1CollectForAllocation


Dynamic libraries:
0x00007ff7819b0000 - 0x00007ff7819ba000 	C:\Program Files\Android\Android Studio\jre\bin\java.exe
0x00007ffea4670000 - 0x00007ffea4865000 	C:\WINDOWS\SYSTEM32\ntdll.dll
0x00007ffea2ea0000 - 0x00007ffea2f5d000 	C:\WINDOWS\System32\KERNEL32.DLL
0x00007ffea2220000 - 0x00007ffea24e9000 	C:\WINDOWS\System32\KERNELBASE.dll
0x00007ffea24f0000 - 0x00007ffea25f0000 	C:\WINDOWS\System32\ucrtbase.dll
0x00007ffe918e0000 - 0x00007ffe918f9000 	C:\Program Files\Android\Android Studio\jre\bin\jli.dll
0x00007ffe919e0000 - 0x00007ffe919f7000 	C:\Program Files\Android\Android Studio\jre\bin\VCRUNTIME140.dll
0x00007ffea2850000 - 0x00007ffea29f0000 	C:\WINDOWS\System32\USER32.dll
0x00007ffe8c870000 - 0x00007ffe8cb0a000 	C:\WINDOWS\WinSxS\amd64_microsoft.windows.common-controls_6595b64144ccf1df_6.0.19041.1110_none_60b5254171f9507e\COMCTL32.dll
0x00007ffea21f0000 - 0x00007ffea2212000 	C:\WINDOWS\System32\win32u.dll
0x00007ffea27b0000 - 0x00007ffea284e000 	C:\WINDOWS\System32\msvcrt.dll
0x00007ffea2e70000 - 0x00007ffea2e9a000 	C:\WINDOWS\System32\GDI32.dll
0x00007ffea1f80000 - 0x00007ffea208b000 	C:\WINDOWS\System32\gdi32full.dll
0x00007ffea1e30000 - 0x00007ffea1ecd000 	C:\WINDOWS\System32\msvcp_win.dll
0x00007ffea4550000 - 0x00007ffea4580000 	C:\WINDOWS\System32\IMM32.DLL
0x00007ffe8b2e0000 - 0x00007ffe8b37d000 	C:\Program Files\Android\Android Studio\jre\bin\msvcp140.dll
0x00007ffe59750000 - 0x00007ffe5a21f000 	C:\Program Files\Android\Android Studio\jre\bin\server\jvm.dll
0x00007ffea4580000 - 0x00007ffea462c000 	C:\WINDOWS\System32\ADVAPI32.dll
0x00007ffea4370000 - 0x00007ffea440b000 	C:\WINDOWS\System32\sechost.dll
0x00007ffea3f40000 - 0x00007ffea406a000 	C:\WINDOWS\System32\RPCRT4.dll
0x00007ffea3a00000 - 0x00007ffea3a08000 	C:\WINDOWS\System32\PSAPI.DLL
0x00007ffe8f570000 - 0x00007ffe8f579000 	C:\WINDOWS\SYSTEM32\WSOCK32.dll
0x00007ffe8fec0000 - 0x00007ffe8fee7000 	C:\WINDOWS\SYSTEM32\WINMM.dll
0x00007ffe9a670000 - 0x00007ffe9a67a000 	C:\WINDOWS\SYSTEM32\VERSION.dll
0x00007ffea4150000 - 0x00007ffea41bb000 	C:\WINDOWS\System32\WS2_32.dll
0x00007ffe9fcb0000 - 0x00007ffe9fcc2000 	C:\WINDOWS\SYSTEM32\kernel.appcore.dll
0x00007ffe9dcf0000 - 0x00007ffe9dd01000 	C:\Program Files\Android\Android Studio\jre\bin\verify.dll
0x00007ffe8db70000 - 0x00007ffe8dd54000 	C:\WINDOWS\SYSTEM32\DBGHELP.DLL
0x00007ffe8e000000 - 0x00007ffe8e02c000 	C:\WINDOWS\SYSTEM32\dbgcore.DLL
0x00007ffea2640000 - 0x00007ffea26c3000 	C:\WINDOWS\System32\bcryptPrimitives.dll
0x00007ffe9c8e0000 - 0x00007ffe9c909000 	C:\Program Files\Android\Android Studio\jre\bin\java.dll
0x00007ffe9dce0000 - 0x00007ffe9dceb000 	C:\Program Files\Android\Android Studio\jre\bin\jimage.dll
0x00007ffe9b450000 - 0x00007ffe9b468000 	C:\Program Files\Android\Android Studio\jre\bin\zip.dll
0x00007ffea32c0000 - 0x00007ffea39ff000 	C:\WINDOWS\System32\SHELL32.dll
0x00007ffe9feb0000 - 0x00007ffea0640000 	C:\WINDOWS\SYSTEM32\windows.storage.dll
0x00007ffea3be0000 - 0x00007ffea3f35000 	C:\WINDOWS\System32\combase.dll
0x00007ffea1800000 - 0x00007ffea182c000 	C:\WINDOWS\SYSTEM32\Wldp.dll
0x00007ffea30e0000 - 0x00007ffea318e000 	C:\WINDOWS\System32\SHCORE.dll
0x00007ffea26d0000 - 0x00007ffea2725000 	C:\WINDOWS\System32\shlwapi.dll
0x00007ffea1ce0000 - 0x00007ffea1cff000 	C:\WINDOWS\SYSTEM32\profapi.dll
0x00007ffe9b350000 - 0x00007ffe9b36a000 	C:\Program Files\Android\Android Studio\jre\bin\net.dll
0x00007ffe94ea0000 - 0x00007ffe94fa8000 	C:\WINDOWS\SYSTEM32\WINHTTP.dll
0x00007ffea1560000 - 0x00007ffea15ca000 	C:\WINDOWS\system32\mswsock.dll
0x00007ffe96ee0000 - 0x00007ffe96ef4000 	C:\Program Files\Android\Android Studio\jre\bin\nio.dll
0x00007ffe9b3e0000 - 0x00007ffe9b407000 	C:\Users\x\.gradle\native\8bec1ad78214c89d9ad589b4d07fe93259594b29d510b10fafb7a158f7737e5d\windows-amd64\native-platform.dll
0x00007ffe8c110000 - 0x00007ffe8c24d000 	C:\Users\x\.gradle\native\53dbd7edfb1c66fb8903c78663c9afc45aea4f116125fa6feffd364cf09443e8\windows-amd64\native-platform-file-events.dll
0x00007ffe9dc00000 - 0x00007ffe9dc0a000 	C:\Program Files\Android\Android Studio\jre\bin\management.dll
0x00007ffe9dbd0000 - 0x00007ffe9dbdc000 	C:\Program Files\Android\Android Studio\jre\bin\management_ext.dll
0x00007ffea1750000 - 0x00007ffea1768000 	C:\WINDOWS\SYSTEM32\CRYPTSP.dll
0x00007ffea0e70000 - 0x00007ffea0ea4000 	C:\WINDOWS\system32\rsaenh.dll
0x00007ffea1e00000 - 0x00007ffea1e27000 	C:\WINDOWS\System32\bcrypt.dll
0x00007ffea1c60000 - 0x00007ffea1c8e000 	C:\WINDOWS\SYSTEM32\USERENV.dll
0x00007ffea1770000 - 0x00007ffea177c000 	C:\WINDOWS\SYSTEM32\CRYPTBASE.dll
0x00007ffea1200000 - 0x00007ffea123b000 	C:\WINDOWS\SYSTEM32\IPHLPAPI.DLL
0x00007ffea2740000 - 0x00007ffea2748000 	C:\WINDOWS\System32\NSI.dll
0x00007ffe99f30000 - 0x00007ffe99f47000 	C:\WINDOWS\SYSTEM32\dhcpcsvc6.DLL
0x00007ffe9a5e0000 - 0x00007ffe9a5fd000 	C:\WINDOWS\SYSTEM32\dhcpcsvc.DLL
0x00007ffea1250000 - 0x00007ffea131c000 	C:\WINDOWS\SYSTEM32\DNSAPI.dll

dbghelp: loaded successfully - version: 4.0.5 - missing functions: none
symbol engine: initialized successfully - sym options: 0x614 - pdb path: .;C:\Program Files\Android\Android Studio\jre\bin;C:\WINDOWS\SYSTEM32;C:\WINDOWS\WinSxS\amd64_microsoft.windows.common-controls_6595b64144ccf1df_6.0.19041.1110_none_60b5254171f9507e;C:\Program Files\Android\Android Studio\jre\bin\server;C:\Users\x\.gradle\native\8bec1ad78214c89d9ad589b4d07fe93259594b29d510b10fafb7a158f7737e5d\windows-amd64;C:\Users\x\.gradle\native\53dbd7edfb1c66fb8903c78663c9afc45aea4f116125fa6feffd364cf09443e8\windows-amd64

VM Arguments:
jvm_args: --add-opens=java.base/java.util=ALL-UNNAMED --add-opens=java.base/java.lang=ALL-UNNAMED --add-opens=java.base/java.lang.invoke=ALL-UNNAMED --add-opens=java.base/java.util=ALL-UNNAMED --add-opens=java.prefs/java.util.prefs=ALL-UNNAMED --add-opens=java.prefs/java.util.prefs=ALL-UNNAMED --add-opens=java.base/java.nio.charset=ALL-UNNAMED --add-opens=java.base/java.net=ALL-UNNAMED --add-opens=java.base/java.util.concurrent.atomic=ALL-UNNAMED -Xmx2048m -Dfile.encoding=UTF-8 -Duser.country=GB -Duser.language=en -Duser.variant 
java_command: org.gradle.launcher.daemon.bootstrap.GradleDaemon 7.0.2
java_class_path (initial): C:\Users\x\.gradle\wrapper\dists\gradle-7.0.2-bin\857tjihv64xamwrf0h14cai3r\gradle-7.0.2\lib\gradle-launcher-7.0.2.jar
Launcher Type: SUN_STANDARD

[Global flags]
     intx CICompilerCount                          = 4                                         {product} {ergonomic}
     uint ConcGCThreads                            = 2                                         {product} {ergonomic}
     uint G1ConcRefinementThreads                  = 8                                         {product} {ergonomic}
   size_t G1HeapRegionSize                         = 1048576                                   {product} {ergonomic}
    uintx GCDrainStackTargetSize                   = 64                                        {product} {ergonomic}
   size_t InitialHeapSize                          = 201326592                                 {product} {ergonomic}
   size_t MarkStackSize                            = 4194304                                   {product} {ergonomic}
   size_t MaxHeapSize                              = 2147483648                                {product} {command line}
   size_t MaxNewSize                               = 1287651328                                {product} {ergonomic}
   size_t MinHeapDeltaBytes                        = 1048576                                   {product} {ergonomic}
    uintx NonNMethodCodeHeapSize                   = 5836300                                {pd product} {ergonomic}
    uintx NonProfiledCodeHeapSize                  = 122910970                              {pd product} {ergonomic}
    uintx ProfiledCodeHeapSize                     = 122910970                              {pd product} {ergonomic}
    uintx ReservedCodeCacheSize                    = 251658240                              {pd product} {ergonomic}
     bool SegmentedCodeCache                       = true                                      {product} {ergonomic}
     bool UseCompressedClassPointers               = true                                 {lp64_product} {ergonomic}
     bool UseCompressedOops                        = true                                 {lp64_product} {ergonomic}
     bool UseG1GC                                  = true                                      {product} {ergonomic}
     bool UseLargePagesIndividualAllocation        = false                                  {pd product} {ergonomic}

Logging:
Log output configuration:
 #0: stdout all=warning uptime,level,tags
 #1: stderr all=off uptime,level,tags

Environment Variables:
CLASSPATH=.;C:\Program Files (x86)\QuickTime\QTSystem\QTJava.zip
PATH=C:\Program Files\Common Files\Oracle\Java\javapath;C:\Program Files (x86)\Common Files\Oracle\Java\javapath;C:\ProgramData\Oracle\Java\javapath;C:\Program Files (x86)\Intel\iCLS Client\;C:\Program Files\Intel\iCLS Client\;C:\Windows\system32;C:\Windows;C:\Windows\System32\Wbem;C:\Windows\System32\WindowsPowerShell\v1.0\;C:\Program Files (x86)\Intel\Intel(R) Management Engine Components\DAL;C:\Program Files\Intel\Intel(R) Management Engine Components\DAL;C:\Program Files (x86)\Intel\Intel(R) Management Engine Components\IPT;C:\Program Files\Intel\Intel(R) Management Engine Components\IPT;C:\Program Files (x86)\QuickTime\QTSystem\;C:\WINDOWS\system32;C:\WINDOWS;C:\WINDOWS\System32\Wbem;C:\WINDOWS\System32\WindowsPowerShell\v1.0\;C:\Program Files\Intel\WiFi\bin\;C:\Program Files\Common Files\Intel\WirelessCommon\;C:\WINDOWS\System32\OpenSSH\;C:\Program Files (x86)\NVIDIA Corporation\PhysX\Common;C:\Program Files\NVIDIA Corporation\NVIDIA NvDLISR;C:\WINDOWS\system32;C:\WINDOWS;C:\WINDOWS\System32\Wbem;C:\WINDOWS\System32\WindowsPowerShell\v1.0\;C:\WINDOWS\System32\OpenSSH\;C:\Program Files\Git\cmd;C:\Users\x\AppData\Local\Programs\Python\Python39;C:\Users\x\AppData\Local\Programs\Python\Python39\Scripts;C:\Users\x\AppData\Local\Programs\Microsoft VS Code\bin;C:\Program Files\Java\jdk-16.0.1\bin;;%IntelliJ IDEA Community Edition%;C:\Exercism
USERNAME=x
OS=Windows_NT
PROCESSOR_IDENTIFIER=Intel64 Family 6 Model 60 Stepping 3, GenuineIntel



---------------  S Y S T E M  ---------------

OS: Windows 10 , 64 bit Build 19041 (10.0.19041.1151)
OS uptime: 2 days 22:00 hours

CPU:total 8 (initial active 8) (4 cores per cpu, 2 threads per core) family 6 model 60 stepping 3 microcode 0x28, cmov, cx8, fxsr, mmx, sse, sse2, sse3, ssse3, sse4.1, sse4.2, popcnt, avx, avx2, aes, clmul, erms, lzcnt, ht, tsc, tscinvbit, bmi1, bmi2, fma

Memory: 4k page, system-wide physical 12176M (7105M free)
TotalPageFile size 21211M (AvailPageFile size 13497M)
current process WorkingSet (physical memory assigned to process): 478M, peak: 482M
current process commit charge ("private bytes"): 518M, peak: 523M

vm_info: OpenJDK 64-Bit Server VM (11.0.10+0-b96-7249189) for windows-amd64 JRE (11.0.10+0-b96-7249189), built on Mar 31 2021 21:44:00 by "builder" with MS VC++ 14.0 (VS2015)

END.
